c:\users\lenovo\documents\visual studio 2013\projects\busy_mama\busy_mama\debug\busy_mama.start.resources
c:\users\lenovo\documents\visual studio 2013\projects\busy_mama\busy_mama\debug\busy_mama.userlogin.resources
c:\users\lenovo\documents\visual studio 2013\projects\busy_mama\busy_mama\debug\busy_mama.usertasks.resources
c:\users\lenovo\documents\visual studio 2013\projects\busy_mama\busy_mama\debug\busy_mama.xxoo.resources
c:\users\lenovo\documents\visual studio 2013\projects\busy_mama\busy_mama\debug\vc120.pdb
c:\users\lenovo\documents\visual studio 2013\projects\busy_mama\busy_mama\debug\xxoo.obj
c:\users\lenovo\documents\visual studio 2013\projects\busy_mama\busy_mama\debug\usertasks.obj
c:\users\lenovo\documents\visual studio 2013\projects\busy_mama\busy_mama\debug\userlogin.obj
c:\users\lenovo\documents\visual studio 2013\projects\busy_mama\busy_mama\debug\user.obj
c:\users\lenovo\documents\visual studio 2013\projects\busy_mama\busy_mama\debug\task.obj
c:\users\lenovo\documents\visual studio 2013\projects\busy_mama\busy_mama\debug\start.obj
c:\users\lenovo\documents\visual studio 2013\projects\busy_mama\busy_mama\debug\reminder.obj
c:\users\lenovo\documents\visual studio 2013\projects\busy_mama\busy_mama\debug\priority_queue.obj
c:\users\lenovo\documents\visual studio 2013\projects\busy_mama\busy_mama\debug\main.obj
c:\users\lenovo\documents\visual studio 2013\projects\busy_mama\busy_mama\debug\conversions .obj
c:\users\lenovo\documents\visual studio 2013\projects\busy_mama\busy_mama\debug\.netframework,version=v4.5.assemblyattributes.obj
c:\users\lenovo\documents\visual studio 2013\projects\busy_mama\busy_mama\debug\busy_mama.vcxproj.generateresource.cache
c:\users\lenovo\documents\visual studio 2013\projects\busy_mama\debug\busy_mama.pdb
c:\users\lenovo\documents\visual studio 2013\projects\busy_mama\busy_mama\debug\busy_mama.tlog\busy_mama.write.1u.tlog
c:\users\lenovo\documents\visual studio 2013\projects\busy_mama\busy_mama\debug\busy_mama.tlog\cl.command.1.tlog
c:\users\lenovo\documents\visual studio 2013\projects\busy_mama\busy_mama\debug\busy_mama.tlog\cl.read.1.tlog
c:\users\lenovo\documents\visual studio 2013\projects\busy_mama\busy_mama\debug\busy_mama.tlog\cl.write.1.tlog
c:\users\lenovo\documents\visual studio 2013\projects\busy_mama\busy_mama\debug\busy_mama.tlog\link.20476-cvtres.read.1.tlog
c:\users\lenovo\documents\visual studio 2013\projects\busy_mama\busy_mama\debug\busy_mama.tlog\link.20476-cvtres.write.1.tlog
c:\users\lenovo\documents\visual studio 2013\projects\busy_mama\busy_mama\debug\busy_mama.tlog\link.20476-rc.read.1.tlog
c:\users\lenovo\documents\visual studio 2013\projects\busy_mama\busy_mama\debug\busy_mama.tlog\link.20476-rc.write.1.tlog
c:\users\lenovo\documents\visual studio 2013\projects\busy_mama\busy_mama\debug\busy_mama.tlog\link.20476.read.1.tlog
c:\users\lenovo\documents\visual studio 2013\projects\busy_mama\busy_mama\debug\busy_mama.tlog\link.20476.write.1.tlog
c:\users\lenovo\documents\visual studio 2013\projects\busy_mama\busy_mama\debug\busy_mama.tlog\link.command.1.tlog
c:\users\lenovo\documents\visual studio 2013\projects\busy_mama\busy_mama\debug\busy_mama.tlog\link.read.1.tlog
c:\users\lenovo\documents\visual studio 2013\projects\busy_mama\busy_mama\debug\busy_mama.tlog\link.write.1.tlog
c:\users\lenovo\documents\visual studio 2013\projects\busy_mama\busy_mama\debug\busy_mama.tlog\metagen.read.1.tlog
c:\users\lenovo\documents\visual studio 2013\projects\busy_mama\busy_mama\debug\busy_mama.tlog\metagen.write.1.tlog
c:\users\lenovo\documents\visual studio 2013\projects\busy_mama\busy_mama\debug\busy_mama.tlog\tzres.dll.bi
